<?xml version="1.0" encoding="UTF-8"?>
<!-- Generated by org.testng.reporters.JUnitReportReporter -->
<testsuite hostname="freds-mbp.lan" name="Runner.Runner" tests="1" failures="0" timestamp="16 Mar 2020 03:45:35 GMT" time="1.701" errors="0">
  <testcase name="feature" time="1.701" classname="Runner.Runner"/>
</testsuite> <!-- Runner.Runner -->
